<?xml version="1.0" encoding="UTF-8"?>
<testsuite xmlns:xsi="http://www.w3.org/2001/XMLSchema-instance" xsi:noNamespaceSchemaLocation="https://maven.apache.org/surefire/maven-surefire-plugin/xsd/surefire-test-report.xsd" name="com.cg.mts.MovieFinalApplicationTests" time="10.322" tests="17" errors="3" skipped="0" failures="3">
  <properties>
    <property name="awt.toolkit" value="sun.awt.X11.XToolkit"/>
    <property name="java.specification.version" value="11"/>
    <property name="sun.cpu.isalist" value=""/>
    <property name="sun.jnu.encoding" value="UTF-8"/>
    <property name="java.class.path" value="/home/coder/project/workspace/springapp/target/test-classes:/home/coder/project/workspace/springapp/target/classes:/home/coder/.m2/repository/org/springframework/boot/spring-boot-starter-data-jpa/2.4.3/spring-boot-starter-data-jpa-2.4.3.jar:/home/coder/.m2/repository/org/springframework/boot/spring-boot-starter-aop/2.4.3/spring-boot-starter-aop-2.4.3.jar:/home/coder/.m2/repository/org/springframework/spring-aop/5.3.4/spring-aop-5.3.4.jar:/home/coder/.m2/repository/org/aspectj/aspectjweaver/1.9.6/aspectjweaver-1.9.6.jar:/home/coder/.m2/repository/org/springframework/boot/spring-boot-starter-jdbc/2.4.3/spring-boot-starter-jdbc-2.4.3.jar:/home/coder/.m2/repository/com/zaxxer/HikariCP/3.4.5/HikariCP-3.4.5.jar:/home/coder/.m2/repository/org/springframework/spring-jdbc/5.3.4/spring-jdbc-5.3.4.jar:/home/coder/.m2/repository/jakarta/transaction/jakarta.transaction-api/1.3.3/jakarta.transaction-api-1.3.3.jar:/home/coder/.m2/repository/jakarta/persistence/jakarta.persistence-api/2.2.3/jakarta.persistence-api-2.2.3.jar:/home/coder/.m2/repository/org/hibernate/hibernate-core/5.4.28.Final/hibernate-core-5.4.28.Final.jar:/home/coder/.m2/repository/org/jboss/logging/jboss-logging/3.4.1.Final/jboss-logging-3.4.1.Final.jar:/home/coder/.m2/repository/org/javassist/javassist/3.27.0-GA/javassist-3.27.0-GA.jar:/home/coder/.m2/repository/net/bytebuddy/byte-buddy/1.10.20/byte-buddy-1.10.20.jar:/home/coder/.m2/repository/antlr/antlr/2.7.7/antlr-2.7.7.jar:/home/coder/.m2/repository/org/jboss/jandex/2.2.3.Final/jandex-2.2.3.Final.jar:/home/coder/.m2/repository/org/dom4j/dom4j/2.1.3/dom4j-2.1.3.jar:/home/coder/.m2/repository/org/hibernate/common/hibernate-commons-annotations/5.1.2.Final/hibernate-commons-annotations-5.1.2.Final.jar:/home/coder/.m2/repository/org/glassfish/jaxb/jaxb-runtime/2.3.3/jaxb-runtime-2.3.3.jar:/home/coder/.m2/repository/org/glassfish/jaxb/txw2/2.3.3/txw2-2.3.3.jar:/home/coder/.m2/repository/com/sun/istack/istack-commons-runtime/3.0.11/istack-commons-runtime-3.0.11.jar:/home/coder/.m2/repository/com/sun/activation/jakarta.activation/1.2.2/jakarta.activation-1.2.2.jar:/home/coder/.m2/repository/org/springframework/data/spring-data-jpa/2.4.5/spring-data-jpa-2.4.5.jar:/home/coder/.m2/repository/org/springframework/data/spring-data-commons/2.4.5/spring-data-commons-2.4.5.jar:/home/coder/.m2/repository/org/springframework/spring-orm/5.3.4/spring-orm-5.3.4.jar:/home/coder/.m2/repository/org/springframework/spring-context/5.3.4/spring-context-5.3.4.jar:/home/coder/.m2/repository/org/springframework/spring-tx/5.3.4/spring-tx-5.3.4.jar:/home/coder/.m2/repository/org/springframework/spring-beans/5.3.4/spring-beans-5.3.4.jar:/home/coder/.m2/repository/org/springframework/spring-aspects/5.3.4/spring-aspects-5.3.4.jar:/home/coder/.m2/repository/org/springframework/boot/spring-boot-starter/2.4.3/spring-boot-starter-2.4.3.jar:/home/coder/.m2/repository/org/springframework/boot/spring-boot/2.4.3/spring-boot-2.4.3.jar:/home/coder/.m2/repository/org/springframework/boot/spring-boot-autoconfigure/2.4.3/spring-boot-autoconfigure-2.4.3.jar:/home/coder/.m2/repository/org/springframework/boot/spring-boot-starter-logging/2.4.3/spring-boot-starter-logging-2.4.3.jar:/home/coder/.m2/repository/ch/qos/logback/logback-classic/1.2.3/logback-classic-1.2.3.jar:/home/coder/.m2/repository/ch/qos/logback/logback-core/1.2.3/logback-core-1.2.3.jar:/home/coder/.m2/repository/org/apache/logging/log4j/log4j-to-slf4j/2.13.3/log4j-to-slf4j-2.13.3.jar:/home/coder/.m2/repository/org/apache/logging/log4j/log4j-api/2.13.3/log4j-api-2.13.3.jar:/home/coder/.m2/repository/org/slf4j/jul-to-slf4j/1.7.30/jul-to-slf4j-1.7.30.jar:/home/coder/.m2/repository/jakarta/annotation/jakarta.annotation-api/1.3.5/jakarta.annotation-api-1.3.5.jar:/home/coder/.m2/repository/org/springframework/spring-core/5.3.4/spring-core-5.3.4.jar:/home/coder/.m2/repository/org/springframework/spring-jcl/5.3.4/spring-jcl-5.3.4.jar:/home/coder/.m2/repository/org/yaml/snakeyaml/1.27/snakeyaml-1.27.jar:/home/coder/.m2/repository/org/springframework/boot/spring-boot-starter-web/2.4.3/spring-boot-starter-web-2.4.3.jar:/home/coder/.m2/repository/org/springframework/boot/spring-boot-starter-json/2.4.3/spring-boot-starter-json-2.4.3.jar:/home/coder/.m2/repository/com/fasterxml/jackson/datatype/jackson-datatype-jdk8/2.11.4/jackson-datatype-jdk8-2.11.4.jar:/home/coder/.m2/repository/com/fasterxml/jackson/datatype/jackson-datatype-jsr310/2.11.4/jackson-datatype-jsr310-2.11.4.jar:/home/coder/.m2/repository/com/fasterxml/jackson/module/jackson-module-parameter-names/2.11.4/jackson-module-parameter-names-2.11.4.jar:/home/coder/.m2/repository/org/springframework/boot/spring-boot-starter-tomcat/2.4.3/spring-boot-starter-tomcat-2.4.3.jar:/home/coder/.m2/repository/org/apache/tomcat/embed/tomcat-embed-core/9.0.43/tomcat-embed-core-9.0.43.jar:/home/coder/.m2/repository/org/glassfish/jakarta.el/3.0.3/jakarta.el-3.0.3.jar:/home/coder/.m2/repository/org/apache/tomcat/embed/tomcat-embed-websocket/9.0.43/tomcat-embed-websocket-9.0.43.jar:/home/coder/.m2/repository/org/springframework/spring-web/5.3.4/spring-web-5.3.4.jar:/home/coder/.m2/repository/org/springframework/spring-webmvc/5.3.4/spring-webmvc-5.3.4.jar:/home/coder/.m2/repository/org/springframework/spring-expression/5.3.4/spring-expression-5.3.4.jar:/home/coder/.m2/repository/org/springframework/boot/spring-boot-devtools/2.4.3/spring-boot-devtools-2.4.3.jar:/home/coder/.m2/repository/mysql/mysql-connector-java/8.0.23/mysql-connector-java-8.0.23.jar:/home/coder/.m2/repository/org/springframework/boot/spring-boot-starter-test/2.4.3/spring-boot-starter-test-2.4.3.jar:/home/coder/.m2/repository/org/springframework/boot/spring-boot-test/2.4.3/spring-boot-test-2.4.3.jar:/home/coder/.m2/repository/org/springframework/boot/spring-boot-test-autoconfigure/2.4.3/spring-boot-test-autoconfigure-2.4.3.jar:/home/coder/.m2/repository/com/jayway/jsonpath/json-path/2.4.0/json-path-2.4.0.jar:/home/coder/.m2/repository/net/minidev/json-smart/2.3/json-smart-2.3.jar:/home/coder/.m2/repository/net/minidev/accessors-smart/1.2/accessors-smart-1.2.jar:/home/coder/.m2/repository/org/ow2/asm/asm/5.0.4/asm-5.0.4.jar:/home/coder/.m2/repository/jakarta/xml/bind/jakarta.xml.bind-api/2.3.3/jakarta.xml.bind-api-2.3.3.jar:/home/coder/.m2/repository/jakarta/activation/jakarta.activation-api/1.2.2/jakarta.activation-api-1.2.2.jar:/home/coder/.m2/repository/org/assertj/assertj-core/3.18.1/assertj-core-3.18.1.jar:/home/coder/.m2/repository/org/hamcrest/hamcrest/2.2/hamcrest-2.2.jar:/home/coder/.m2/repository/org/junit/jupiter/junit-jupiter/5.7.1/junit-jupiter-5.7.1.jar:/home/coder/.m2/repository/org/junit/jupiter/junit-jupiter-api/5.7.1/junit-jupiter-api-5.7.1.jar:/home/coder/.m2/repository/org/apiguardian/apiguardian-api/1.1.0/apiguardian-api-1.1.0.jar:/home/coder/.m2/repository/org/opentest4j/opentest4j/1.2.0/opentest4j-1.2.0.jar:/home/coder/.m2/repository/org/junit/platform/junit-platform-commons/1.7.1/junit-platform-commons-1.7.1.jar:/home/coder/.m2/repository/org/junit/jupiter/junit-jupiter-params/5.7.1/junit-jupiter-params-5.7.1.jar:/home/coder/.m2/repository/org/junit/jupiter/junit-jupiter-engine/5.7.1/junit-jupiter-engine-5.7.1.jar:/home/coder/.m2/repository/org/junit/platform/junit-platform-engine/1.7.1/junit-platform-engine-1.7.1.jar:/home/coder/.m2/repository/org/mockito/mockito-core/3.6.28/mockito-core-3.6.28.jar:/home/coder/.m2/repository/net/bytebuddy/byte-buddy-agent/1.10.20/byte-buddy-agent-1.10.20.jar:/home/coder/.m2/repository/org/objenesis/objenesis/3.1/objenesis-3.1.jar:/home/coder/.m2/repository/org/mockito/mockito-junit-jupiter/3.6.28/mockito-junit-jupiter-3.6.28.jar:/home/coder/.m2/repository/org/skyscreamer/jsonassert/1.5.0/jsonassert-1.5.0.jar:/home/coder/.m2/repository/com/vaadin/external/google/android-json/0.0.20131108.vaadin1/android-json-0.0.20131108.vaadin1.jar:/home/coder/.m2/repository/org/springframework/spring-test/5.3.4/spring-test-5.3.4.jar:/home/coder/.m2/repository/org/xmlunit/xmlunit-core/2.7.0/xmlunit-core-2.7.0.jar:/home/coder/.m2/repository/com/fasterxml/jackson/dataformat/jackson-dataformat-xml/2.11.4/jackson-dataformat-xml-2.11.4.jar:/home/coder/.m2/repository/com/fasterxml/jackson/core/jackson-core/2.11.4/jackson-core-2.11.4.jar:/home/coder/.m2/repository/com/fasterxml/jackson/core/jackson-annotations/2.11.4/jackson-annotations-2.11.4.jar:/home/coder/.m2/repository/com/fasterxml/jackson/core/jackson-databind/2.11.4/jackson-databind-2.11.4.jar:/home/coder/.m2/repository/com/fasterxml/jackson/module/jackson-module-jaxb-annotations/2.11.4/jackson-module-jaxb-annotations-2.11.4.jar:/home/coder/.m2/repository/org/codehaus/woodstox/stax2-api/4.2.1/stax2-api-4.2.1.jar:/home/coder/.m2/repository/com/fasterxml/woodstox/woodstox-core/6.2.3/woodstox-core-6.2.3.jar:/home/coder/.m2/repository/io/springfox/springfox-swagger2/2.9.2/springfox-swagger2-2.9.2.jar:/home/coder/.m2/repository/io/swagger/swagger-annotations/1.5.20/swagger-annotations-1.5.20.jar:/home/coder/.m2/repository/io/swagger/swagger-models/1.5.20/swagger-models-1.5.20.jar:/home/coder/.m2/repository/io/springfox/springfox-spi/2.9.2/springfox-spi-2.9.2.jar:/home/coder/.m2/repository/io/springfox/springfox-core/2.9.2/springfox-core-2.9.2.jar:/home/coder/.m2/repository/io/springfox/springfox-schema/2.9.2/springfox-schema-2.9.2.jar:/home/coder/.m2/repository/io/springfox/springfox-swagger-common/2.9.2/springfox-swagger-common-2.9.2.jar:/home/coder/.m2/repository/io/springfox/springfox-spring-web/2.9.2/springfox-spring-web-2.9.2.jar:/home/coder/.m2/repository/com/google/guava/guava/20.0/guava-20.0.jar:/home/coder/.m2/repository/com/fasterxml/classmate/1.5.1/classmate-1.5.1.jar:/home/coder/.m2/repository/org/slf4j/slf4j-api/1.7.30/slf4j-api-1.7.30.jar:/home/coder/.m2/repository/org/springframework/plugin/spring-plugin-core/1.2.0.RELEASE/spring-plugin-core-1.2.0.RELEASE.jar:/home/coder/.m2/repository/org/springframework/plugin/spring-plugin-metadata/1.2.0.RELEASE/spring-plugin-metadata-1.2.0.RELEASE.jar:/home/coder/.m2/repository/org/mapstruct/mapstruct/1.2.0.Final/mapstruct-1.2.0.Final.jar:/home/coder/.m2/repository/io/springfox/springfox-swagger-ui/2.9.2/springfox-swagger-ui-2.9.2.jar:"/>
    <property name="java.vm.vendor" value="Alpine"/>
    <property name="sun.arch.data.model" value="64"/>
    <property name="java.vendor.url" value="https://alpinelinux.org/"/>
    <property name="user.timezone" value="GMT"/>
    <property name="java.vm.specification.version" value="11"/>
    <property name="os.name" value="Linux"/>
    <property name="sun.java.launcher" value="SUN_STANDARD"/>
    <property name="user.country" value="US"/>
    <property name="sun.boot.library.path" value="/usr/lib/jvm/java-11-openjdk/lib"/>
    <property name="sun.java.command" value="/home/coder/project/workspace/springapp/target/surefire/surefirebooter6644903830581935398.jar /home/coder/project/workspace/springapp/target/surefire 2023-07-11T20-47-52_168-jvmRun1 surefire16142686213538481252tmp surefire_04836900842036818420tmp"/>
    <property name="jdk.debug" value="release"/>
    <property name="surefire.test.class.path" value="/home/coder/project/workspace/springapp/target/test-classes:/home/coder/project/workspace/springapp/target/classes:/home/coder/.m2/repository/org/springframework/boot/spring-boot-starter-data-jpa/2.4.3/spring-boot-starter-data-jpa-2.4.3.jar:/home/coder/.m2/repository/org/springframework/boot/spring-boot-starter-aop/2.4.3/spring-boot-starter-aop-2.4.3.jar:/home/coder/.m2/repository/org/springframework/spring-aop/5.3.4/spring-aop-5.3.4.jar:/home/coder/.m2/repository/org/aspectj/aspectjweaver/1.9.6/aspectjweaver-1.9.6.jar:/home/coder/.m2/repository/org/springframework/boot/spring-boot-starter-jdbc/2.4.3/spring-boot-starter-jdbc-2.4.3.jar:/home/coder/.m2/repository/com/zaxxer/HikariCP/3.4.5/HikariCP-3.4.5.jar:/home/coder/.m2/repository/org/springframework/spring-jdbc/5.3.4/spring-jdbc-5.3.4.jar:/home/coder/.m2/repository/jakarta/transaction/jakarta.transaction-api/1.3.3/jakarta.transaction-api-1.3.3.jar:/home/coder/.m2/repository/jakarta/persistence/jakarta.persistence-api/2.2.3/jakarta.persistence-api-2.2.3.jar:/home/coder/.m2/repository/org/hibernate/hibernate-core/5.4.28.Final/hibernate-core-5.4.28.Final.jar:/home/coder/.m2/repository/org/jboss/logging/jboss-logging/3.4.1.Final/jboss-logging-3.4.1.Final.jar:/home/coder/.m2/repository/org/javassist/javassist/3.27.0-GA/javassist-3.27.0-GA.jar:/home/coder/.m2/repository/net/bytebuddy/byte-buddy/1.10.20/byte-buddy-1.10.20.jar:/home/coder/.m2/repository/antlr/antlr/2.7.7/antlr-2.7.7.jar:/home/coder/.m2/repository/org/jboss/jandex/2.2.3.Final/jandex-2.2.3.Final.jar:/home/coder/.m2/repository/org/dom4j/dom4j/2.1.3/dom4j-2.1.3.jar:/home/coder/.m2/repository/org/hibernate/common/hibernate-commons-annotations/5.1.2.Final/hibernate-commons-annotations-5.1.2.Final.jar:/home/coder/.m2/repository/org/glassfish/jaxb/jaxb-runtime/2.3.3/jaxb-runtime-2.3.3.jar:/home/coder/.m2/repository/org/glassfish/jaxb/txw2/2.3.3/txw2-2.3.3.jar:/home/coder/.m2/repository/com/sun/istack/istack-commons-runtime/3.0.11/istack-commons-runtime-3.0.11.jar:/home/coder/.m2/repository/com/sun/activation/jakarta.activation/1.2.2/jakarta.activation-1.2.2.jar:/home/coder/.m2/repository/org/springframework/data/spring-data-jpa/2.4.5/spring-data-jpa-2.4.5.jar:/home/coder/.m2/repository/org/springframework/data/spring-data-commons/2.4.5/spring-data-commons-2.4.5.jar:/home/coder/.m2/repository/org/springframework/spring-orm/5.3.4/spring-orm-5.3.4.jar:/home/coder/.m2/repository/org/springframework/spring-context/5.3.4/spring-context-5.3.4.jar:/home/coder/.m2/repository/org/springframework/spring-tx/5.3.4/spring-tx-5.3.4.jar:/home/coder/.m2/repository/org/springframework/spring-beans/5.3.4/spring-beans-5.3.4.jar:/home/coder/.m2/repository/org/springframework/spring-aspects/5.3.4/spring-aspects-5.3.4.jar:/home/coder/.m2/repository/org/springframework/boot/spring-boot-starter/2.4.3/spring-boot-starter-2.4.3.jar:/home/coder/.m2/repository/org/springframework/boot/spring-boot/2.4.3/spring-boot-2.4.3.jar:/home/coder/.m2/repository/org/springframework/boot/spring-boot-autoconfigure/2.4.3/spring-boot-autoconfigure-2.4.3.jar:/home/coder/.m2/repository/org/springframework/boot/spring-boot-starter-logging/2.4.3/spring-boot-starter-logging-2.4.3.jar:/home/coder/.m2/repository/ch/qos/logback/logback-classic/1.2.3/logback-classic-1.2.3.jar:/home/coder/.m2/repository/ch/qos/logback/logback-core/1.2.3/logback-core-1.2.3.jar:/home/coder/.m2/repository/org/apache/logging/log4j/log4j-to-slf4j/2.13.3/log4j-to-slf4j-2.13.3.jar:/home/coder/.m2/repository/org/apache/logging/log4j/log4j-api/2.13.3/log4j-api-2.13.3.jar:/home/coder/.m2/repository/org/slf4j/jul-to-slf4j/1.7.30/jul-to-slf4j-1.7.30.jar:/home/coder/.m2/repository/jakarta/annotation/jakarta.annotation-api/1.3.5/jakarta.annotation-api-1.3.5.jar:/home/coder/.m2/repository/org/springframework/spring-core/5.3.4/spring-core-5.3.4.jar:/home/coder/.m2/repository/org/springframework/spring-jcl/5.3.4/spring-jcl-5.3.4.jar:/home/coder/.m2/repository/org/yaml/snakeyaml/1.27/snakeyaml-1.27.jar:/home/coder/.m2/repository/org/springframework/boot/spring-boot-starter-web/2.4.3/spring-boot-starter-web-2.4.3.jar:/home/coder/.m2/repository/org/springframework/boot/spring-boot-starter-json/2.4.3/spring-boot-starter-json-2.4.3.jar:/home/coder/.m2/repository/com/fasterxml/jackson/datatype/jackson-datatype-jdk8/2.11.4/jackson-datatype-jdk8-2.11.4.jar:/home/coder/.m2/repository/com/fasterxml/jackson/datatype/jackson-datatype-jsr310/2.11.4/jackson-datatype-jsr310-2.11.4.jar:/home/coder/.m2/repository/com/fasterxml/jackson/module/jackson-module-parameter-names/2.11.4/jackson-module-parameter-names-2.11.4.jar:/home/coder/.m2/repository/org/springframework/boot/spring-boot-starter-tomcat/2.4.3/spring-boot-starter-tomcat-2.4.3.jar:/home/coder/.m2/repository/org/apache/tomcat/embed/tomcat-embed-core/9.0.43/tomcat-embed-core-9.0.43.jar:/home/coder/.m2/repository/org/glassfish/jakarta.el/3.0.3/jakarta.el-3.0.3.jar:/home/coder/.m2/repository/org/apache/tomcat/embed/tomcat-embed-websocket/9.0.43/tomcat-embed-websocket-9.0.43.jar:/home/coder/.m2/repository/org/springframework/spring-web/5.3.4/spring-web-5.3.4.jar:/home/coder/.m2/repository/org/springframework/spring-webmvc/5.3.4/spring-webmvc-5.3.4.jar:/home/coder/.m2/repository/org/springframework/spring-expression/5.3.4/spring-expression-5.3.4.jar:/home/coder/.m2/repository/org/springframework/boot/spring-boot-devtools/2.4.3/spring-boot-devtools-2.4.3.jar:/home/coder/.m2/repository/mysql/mysql-connector-java/8.0.23/mysql-connector-java-8.0.23.jar:/home/coder/.m2/repository/org/springframework/boot/spring-boot-starter-test/2.4.3/spring-boot-starter-test-2.4.3.jar:/home/coder/.m2/repository/org/springframework/boot/spring-boot-test/2.4.3/spring-boot-test-2.4.3.jar:/home/coder/.m2/repository/org/springframework/boot/spring-boot-test-autoconfigure/2.4.3/spring-boot-test-autoconfigure-2.4.3.jar:/home/coder/.m2/repository/com/jayway/jsonpath/json-path/2.4.0/json-path-2.4.0.jar:/home/coder/.m2/repository/net/minidev/json-smart/2.3/json-smart-2.3.jar:/home/coder/.m2/repository/net/minidev/accessors-smart/1.2/accessors-smart-1.2.jar:/home/coder/.m2/repository/org/ow2/asm/asm/5.0.4/asm-5.0.4.jar:/home/coder/.m2/repository/jakarta/xml/bind/jakarta.xml.bind-api/2.3.3/jakarta.xml.bind-api-2.3.3.jar:/home/coder/.m2/repository/jakarta/activation/jakarta.activation-api/1.2.2/jakarta.activation-api-1.2.2.jar:/home/coder/.m2/repository/org/assertj/assertj-core/3.18.1/assertj-core-3.18.1.jar:/home/coder/.m2/repository/org/hamcrest/hamcrest/2.2/hamcrest-2.2.jar:/home/coder/.m2/repository/org/junit/jupiter/junit-jupiter/5.7.1/junit-jupiter-5.7.1.jar:/home/coder/.m2/repository/org/junit/jupiter/junit-jupiter-api/5.7.1/junit-jupiter-api-5.7.1.jar:/home/coder/.m2/repository/org/apiguardian/apiguardian-api/1.1.0/apiguardian-api-1.1.0.jar:/home/coder/.m2/repository/org/opentest4j/opentest4j/1.2.0/opentest4j-1.2.0.jar:/home/coder/.m2/repository/org/junit/platform/junit-platform-commons/1.7.1/junit-platform-commons-1.7.1.jar:/home/coder/.m2/repository/org/junit/jupiter/junit-jupiter-params/5.7.1/junit-jupiter-params-5.7.1.jar:/home/coder/.m2/repository/org/junit/jupiter/junit-jupiter-engine/5.7.1/junit-jupiter-engine-5.7.1.jar:/home/coder/.m2/repository/org/junit/platform/junit-platform-engine/1.7.1/junit-platform-engine-1.7.1.jar:/home/coder/.m2/repository/org/mockito/mockito-core/3.6.28/mockito-core-3.6.28.jar:/home/coder/.m2/repository/net/bytebuddy/byte-buddy-agent/1.10.20/byte-buddy-agent-1.10.20.jar:/home/coder/.m2/repository/org/objenesis/objenesis/3.1/objenesis-3.1.jar:/home/coder/.m2/repository/org/mockito/mockito-junit-jupiter/3.6.28/mockito-junit-jupiter-3.6.28.jar:/home/coder/.m2/repository/org/skyscreamer/jsonassert/1.5.0/jsonassert-1.5.0.jar:/home/coder/.m2/repository/com/vaadin/external/google/android-json/0.0.20131108.vaadin1/android-json-0.0.20131108.vaadin1.jar:/home/coder/.m2/repository/org/springframework/spring-test/5.3.4/spring-test-5.3.4.jar:/home/coder/.m2/repository/org/xmlunit/xmlunit-core/2.7.0/xmlunit-core-2.7.0.jar:/home/coder/.m2/repository/com/fasterxml/jackson/dataformat/jackson-dataformat-xml/2.11.4/jackson-dataformat-xml-2.11.4.jar:/home/coder/.m2/repository/com/fasterxml/jackson/core/jackson-core/2.11.4/jackson-core-2.11.4.jar:/home/coder/.m2/repository/com/fasterxml/jackson/core/jackson-annotations/2.11.4/jackson-annotations-2.11.4.jar:/home/coder/.m2/repository/com/fasterxml/jackson/core/jackson-databind/2.11.4/jackson-databind-2.11.4.jar:/home/coder/.m2/repository/com/fasterxml/jackson/module/jackson-module-jaxb-annotations/2.11.4/jackson-module-jaxb-annotations-2.11.4.jar:/home/coder/.m2/repository/org/codehaus/woodstox/stax2-api/4.2.1/stax2-api-4.2.1.jar:/home/coder/.m2/repository/com/fasterxml/woodstox/woodstox-core/6.2.3/woodstox-core-6.2.3.jar:/home/coder/.m2/repository/io/springfox/springfox-swagger2/2.9.2/springfox-swagger2-2.9.2.jar:/home/coder/.m2/repository/io/swagger/swagger-annotations/1.5.20/swagger-annotations-1.5.20.jar:/home/coder/.m2/repository/io/swagger/swagger-models/1.5.20/swagger-models-1.5.20.jar:/home/coder/.m2/repository/io/springfox/springfox-spi/2.9.2/springfox-spi-2.9.2.jar:/home/coder/.m2/repository/io/springfox/springfox-core/2.9.2/springfox-core-2.9.2.jar:/home/coder/.m2/repository/io/springfox/springfox-schema/2.9.2/springfox-schema-2.9.2.jar:/home/coder/.m2/repository/io/springfox/springfox-swagger-common/2.9.2/springfox-swagger-common-2.9.2.jar:/home/coder/.m2/repository/io/springfox/springfox-spring-web/2.9.2/springfox-spring-web-2.9.2.jar:/home/coder/.m2/repository/com/google/guava/guava/20.0/guava-20.0.jar:/home/coder/.m2/repository/com/fasterxml/classmate/1.5.1/classmate-1.5.1.jar:/home/coder/.m2/repository/org/slf4j/slf4j-api/1.7.30/slf4j-api-1.7.30.jar:/home/coder/.m2/repository/org/springframework/plugin/spring-plugin-core/1.2.0.RELEASE/spring-plugin-core-1.2.0.RELEASE.jar:/home/coder/.m2/repository/org/springframework/plugin/spring-plugin-metadata/1.2.0.RELEASE/spring-plugin-metadata-1.2.0.RELEASE.jar:/home/coder/.m2/repository/org/mapstruct/mapstruct/1.2.0.Final/mapstruct-1.2.0.Final.jar:/home/coder/.m2/repository/io/springfox/springfox-swagger-ui/2.9.2/springfox-swagger-ui-2.9.2.jar:"/>
    <property name="sun.cpu.endian" value="little"/>
    <property name="user.home" value="/home/coder"/>
    <property name="user.language" value="en"/>
    <property name="java.specification.vendor" value="Oracle Corporation"/>
    <property name="java.version.date" value="2023-04-18"/>
    <property name="java.home" value="/usr/lib/jvm/java-11-openjdk"/>
    <property name="file.separator" value="/"/>
    <property name="basedir" value="/home/coder/project/workspace/springapp"/>
    <property name="java.vm.compressedOopsMode" value="32-bit"/>
    <property name="line.separator" value="&#10;"/>
    <property name="java.specification.name" value="Java Platform API Specification"/>
    <property name="java.vm.specification.vendor" value="Oracle Corporation"/>
    <property name="java.awt.graphicsenv" value="sun.awt.X11GraphicsEnvironment"/>
    <property name="surefire.real.class.path" value="/home/coder/project/workspace/springapp/target/surefire/surefirebooter6644903830581935398.jar"/>
    <property name="sun.management.compiler" value="HotSpot 64-Bit Tiered Compilers"/>
    <property name="java.runtime.version" value="11.0.19+7-alpine-r0"/>
    <property name="user.name" value="coder"/>
    <property name="path.separator" value=":"/>
    <property name="os.version" value="5.10.162+"/>
    <property name="java.runtime.name" value="OpenJDK Runtime Environment"/>
    <property name="file.encoding" value="UTF-8"/>
    <property name="java.vm.name" value="OpenJDK 64-Bit Server VM"/>
    <property name="localRepository" value="/home/coder/.m2/repository"/>
    <property name="java.vendor.url.bug" value="https://gitlab.alpinelinux.org/alpine/aports/issues"/>
    <property name="java.io.tmpdir" value="/tmp"/>
    <property name="java.version" value="11.0.19"/>
    <property name="user.dir" value="/home/coder/project/workspace/springapp"/>
    <property name="os.arch" value="amd64"/>
    <property name="java.vm.specification.name" value="Java Virtual Machine Specification"/>
    <property name="java.awt.printerjob" value="sun.print.PSPrinterJob"/>
    <property name="sun.os.patch.level" value="unknown"/>
    <property name="java.library.path" value="/usr/lib/jvm/java-11-openjdk/lib/server:/usr/lib/jvm/java-11-openjdk/lib:/usr/lib/jvm/java-11-openjdk/../lib:/usr/java/packages/lib:/usr/lib64:/lib64:/lib:/usr/lib"/>
    <property name="java.vm.info" value="mixed mode"/>
    <property name="java.vendor" value="Alpine"/>
    <property name="java.vm.version" value="11.0.19+7-alpine-r0"/>
    <property name="sun.io.unicode.encoding" value="UnicodeLittle"/>
    <property name="java.class.version" value="55.0"/>
  </properties>
  <testcase name="viewScreenList" classname="com.cg.mts.MovieFinalApplicationTests" time="0.374">
    <failure message="expected: &lt;200&gt; but was: &lt;404&gt;" type="org.opentest4j.AssertionFailedError"><![CDATA[org.opentest4j.AssertionFailedError: expected: <200> but was: <404>
	at com.cg.mts.MovieFinalApplicationTests.viewScreenList(ApplicationTests.java:175)
]]></failure>
    <system-out><![CDATA[20:47:53.786 [main] DEBUG org.springframework.test.context.BootstrapUtils - Instantiating CacheAwareContextLoaderDelegate from class [org.springframework.test.context.cache.DefaultCacheAwareContextLoaderDelegate]
20:47:53.851 [main] DEBUG org.springframework.test.context.BootstrapUtils - Instantiating BootstrapContext using constructor [public org.springframework.test.context.support.DefaultBootstrapContext(java.lang.Class,org.springframework.test.context.CacheAwareContextLoaderDelegate)]
20:47:53.906 [main] DEBUG org.springframework.test.context.BootstrapUtils - Instantiating TestContextBootstrapper for test class [com.cg.mts.MovieFinalApplicationTests] from class [org.springframework.boot.test.context.SpringBootTestContextBootstrapper]
20:47:53.959 [main] INFO org.springframework.boot.test.context.SpringBootTestContextBootstrapper - Neither @ContextConfiguration nor @ContextHierarchy found for test class [com.cg.mts.MovieFinalApplicationTests], using SpringBootContextLoader
20:47:53.965 [main] DEBUG org.springframework.test.context.support.AbstractContextLoader - Did not detect default resource location for test class [com.cg.mts.MovieFinalApplicationTests]: class path resource [com/cg/mts/MovieFinalApplicationTests-context.xml] does not exist
20:47:53.966 [main] DEBUG org.springframework.test.context.support.AbstractContextLoader - Did not detect default resource location for test class [com.cg.mts.MovieFinalApplicationTests]: class path resource [com/cg/mts/MovieFinalApplicationTestsContext.groovy] does not exist
20:47:53.967 [main] INFO org.springframework.test.context.support.AbstractContextLoader - Could not detect default resource locations for test class [com.cg.mts.MovieFinalApplicationTests]: no resource found for suffixes {-context.xml, Context.groovy}.
20:47:53.968 [main] INFO org.springframework.test.context.support.AnnotationConfigContextLoaderUtils - Could not detect default configuration classes for test class [com.cg.mts.MovieFinalApplicationTests]: MovieFinalApplicationTests does not declare any static, non-private, non-final, nested classes annotated with @Configuration.
20:47:54.097 [main] DEBUG org.springframework.test.context.support.ActiveProfilesUtils - Could not find an 'annotation declaring class' for annotation type [org.springframework.test.context.ActiveProfiles] and class [com.cg.mts.MovieFinalApplicationTests]
20:47:54.203 [main] DEBUG org.springframework.context.annotation.ClassPathScanningCandidateComponentProvider - Identified candidate component class: file [/home/coder/project/workspace/springapp/target/classes/com/cg/mts/MovieFinalApplication.class]
20:47:54.204 [main] INFO org.springframework.boot.test.context.SpringBootTestContextBootstrapper - Found @SpringBootConfiguration com.cg.mts.MovieFinalApplication for test class com.cg.mts.MovieFinalApplicationTests
20:47:54.342 [main] DEBUG org.springframework.boot.test.context.SpringBootTestContextBootstrapper - @TestExecutionListeners is not present for class [com.cg.mts.MovieFinalApplicationTests]: using defaults.
20:47:54.342 [main] INFO org.springframework.boot.test.context.SpringBootTestContextBootstrapper - Loaded default TestExecutionListener class names from location [META-INF/spring.factories]: [org.springframework.boot.test.mock.mockito.MockitoTestExecutionListener, org.springframework.boot.test.mock.mockito.ResetMocksTestExecutionListener, org.springframework.boot.test.autoconfigure.restdocs.RestDocsTestExecutionListener, org.springframework.boot.test.autoconfigure.web.client.MockRestServiceServerResetTestExecutionListener, org.springframework.boot.test.autoconfigure.web.servlet.MockMvcPrintOnlyOnFailureTestExecutionListener, org.springframework.boot.test.autoconfigure.web.servlet.WebDriverTestExecutionListener, org.springframework.boot.test.autoconfigure.webservices.client.MockWebServiceServerTestExecutionListener, org.springframework.test.context.web.ServletTestExecutionListener, org.springframework.test.context.support.DirtiesContextBeforeModesTestExecutionListener, org.springframework.test.context.event.ApplicationEventsTestExecutionListener, org.springframework.test.context.support.DependencyInjectionTestExecutionListener, org.springframework.test.context.support.DirtiesContextTestExecutionListener, org.springframework.test.context.transaction.TransactionalTestExecutionListener, org.springframework.test.context.jdbc.SqlScriptsTestExecutionListener, org.springframework.test.context.event.EventPublishingTestExecutionListener]
20:47:54.364 [main] INFO org.springframework.boot.test.context.SpringBootTestContextBootstrapper - Using TestExecutionListeners: [org.springframework.test.context.web.ServletTestExecutionListener@35e5d0e5, org.springframework.test.context.support.DirtiesContextBeforeModesTestExecutionListener@73173f63, org.springframework.test.context.event.ApplicationEventsTestExecutionListener@55562aa9, org.springframework.boot.test.mock.mockito.MockitoTestExecutionListener@655ef322, org.springframework.boot.test.autoconfigure.SpringBootDependencyInjectionTestExecutionListener@7e276594, org.springframework.test.context.support.DirtiesContextTestExecutionListener@3401a114, org.springframework.test.context.transaction.TransactionalTestExecutionListener@5066d65f, org.springframework.test.context.jdbc.SqlScriptsTestExecutionListener@4233e892, org.springframework.test.context.event.EventPublishingTestExecutionListener@77d2e85, org.springframework.boot.test.mock.mockito.ResetMocksTestExecutionListener@3ecd267f, org.springframework.boot.test.autoconfigure.restdocs.RestDocsTestExecutionListener@58ffcbd7, org.springframework.boot.test.autoconfigure.web.client.MockRestServiceServerResetTestExecutionListener@555cf22, org.springframework.boot.test.autoconfigure.web.servlet.MockMvcPrintOnlyOnFailureTestExecutionListener@6bb2d00b, org.springframework.boot.test.autoconfigure.web.servlet.WebDriverTestExecutionListener@3c9bfddc, org.springframework.boot.test.autoconfigure.webservices.client.MockWebServiceServerTestExecutionListener@1a9c38eb]
20:47:54.368 [main] DEBUG org.springframework.test.context.support.AbstractDirtiesContextTestExecutionListener - Before test class: context [DefaultTestContext@37ddb69a testClass = MovieFinalApplicationTests, testInstance = [null], testMethod = [null], testException = [null], mergedContextConfiguration = [WebMergedContextConfiguration@349c1daf testClass = MovieFinalApplicationTests, locations = '{}', classes = '{class com.cg.mts.MovieFinalApplication}', contextInitializerClasses = '[]', activeProfiles = '{}', propertySourceLocations = '{}', propertySourceProperties = '{org.springframework.boot.test.context.SpringBootTestContextBootstrapper=true}', contextCustomizers = set[org.springframework.boot.test.context.filter.ExcludeFilterContextCustomizer@6c7a164b, org.springframework.boot.test.json.DuplicateJsonObjectContextCustomizerFactory$DuplicateJsonObjectContextCustomizer@4ef74c30, org.springframework.boot.test.mock.mockito.MockitoContextCustomizer@0, org.springframework.boot.test.web.client.TestRestTemplateContextCustomizer@72d6b3ba, org.springframework.boot.test.autoconfigure.actuate.metrics.MetricsExportContextCustomizerFactory$DisableMetricExportContextCustomizer@c667f46, org.springframework.boot.test.autoconfigure.properties.PropertyMappingContextCustomizer@0, org.springframework.boot.test.autoconfigure.web.servlet.WebDriverContextCustomizerFactory$Customizer@43015c69, org.springframework.test.context.web.socket.MockServerContainerContextCustomizer@7ba8c737, org.springframework.boot.test.context.SpringBootTestArgs@1, org.springframework.boot.test.context.SpringBootTestWebEnvironment@659a969b], resourceBasePath = 'src/main/webapp', contextLoader = 'org.springframework.boot.test.context.SpringBootContextLoader', parent = [null]], attributes = map['org.springframework.test.context.web.ServletTestExecutionListener.activateListener' -> true]], class annotated with @DirtiesContext [false] with mode [null].
20:47:54.408 [main] DEBUG org.springframework.test.context.support.TestPropertySourceUtils - Adding inlined properties to environment: {spring.jmx.enabled=false, org.springframework.boot.test.context.SpringBootTestContextBootstrapper=true}

  .   ____          _            __ _ _
 /\\ / ___'_ __ _ _(_)_ __  __ _ \ \ \ \
( ( )\___ | '_ | '_| | '_ \/ _` | \ \ \ \
 \\/  ___)| |_)| | | | | || (_| |  ) ) ) )
  '  |____| .__|_| |_|_| |_\__, | / / / /
 =========|_|==============|___/=/_/_/_/
 :: Spring Boot ::                (v2.4.3)

2023-07-11 20:47:55.082  INFO 1292 --- [           main] com.cg.mts.MovieFinalApplicationTests    : Starting MovieFinalApplicationTests using Java 11.0.19 on fcbeaafebaafceeddbcdaddcefcbfdeaabded-0 with PID 1292 (started by coder in /home/coder/project/workspace/springapp)
2023-07-11 20:47:55.087  INFO 1292 --- [           main] com.cg.mts.MovieFinalApplicationTests    : No active profile set, falling back to default profiles: default
2023-07-11 20:47:56.800  INFO 1292 --- [           main] .s.d.r.c.RepositoryConfigurationDelegate : Bootstrapping Spring Data JPA repositories in DEFAULT mode.
2023-07-11 20:47:56.925  INFO 1292 --- [           main] .s.d.r.c.RepositoryConfigurationDelegate : Finished Spring Data repository scanning in 114 ms. Found 10 JPA repository interfaces.
2023-07-11 20:47:57.771  INFO 1292 --- [           main] o.hibernate.jpa.internal.util.LogHelper  : HHH000204: Processing PersistenceUnitInfo [name: default]
2023-07-11 20:47:57.826  INFO 1292 --- [           main] org.hibernate.Version                    : HHH000412: Hibernate ORM core version 5.4.28.Final
2023-07-11 20:47:57.986  INFO 1292 --- [           main] o.hibernate.annotations.common.Version   : HCANN000001: Hibernate Commons Annotations {5.1.2.Final}
2023-07-11 20:47:58.105  INFO 1292 --- [           main] com.zaxxer.hikari.HikariDataSource       : HikariPool-1 - Starting...
2023-07-11 20:47:58.371  INFO 1292 --- [           main] com.zaxxer.hikari.HikariDataSource       : HikariPool-1 - Start completed.
2023-07-11 20:47:58.387  INFO 1292 --- [           main] org.hibernate.dialect.Dialect            : HHH000400: Using dialect: org.hibernate.dialect.MySQL5InnoDBDialect
2023-07-11 20:47:59.674  INFO 1292 --- [           main] o.h.e.t.j.p.i.JtaPlatformInitiator       : HHH000490: Using JtaPlatform implementation: [org.hibernate.engine.transaction.jta.platform.internal.NoJtaPlatform]
2023-07-11 20:47:59.683  INFO 1292 --- [           main] j.LocalContainerEntityManagerFactoryBean : Initialized JPA EntityManagerFactory for persistence unit 'default'
2023-07-11 20:48:01.074  WARN 1292 --- [           main] JpaBaseConfiguration$JpaWebConfiguration : spring.jpa.open-in-view is enabled by default. Therefore, database queries may be performed during view rendering. Explicitly configure spring.jpa.open-in-view to disable this warning
2023-07-11 20:48:01.468  INFO 1292 --- [           main] pertySourcedRequestMappingHandlerMapping : Mapped URL path [/v2/api-docs] onto method [springfox.documentation.swagger2.web.Swagger2Controller#getDocumentation(String, HttpServletRequest)]
2023-07-11 20:48:01.826  INFO 1292 --- [           main] o.s.s.concurrent.ThreadPoolTaskExecutor  : Initializing ExecutorService 'applicationTaskExecutor'
2023-07-11 20:48:02.197  INFO 1292 --- [           main] d.s.w.p.DocumentationPluginsBootstrapper : Context refreshed
2023-07-11 20:48:02.223  INFO 1292 --- [           main] d.s.w.p.DocumentationPluginsBootstrapper : Found 1 custom documentation plugin(s)
2023-07-11 20:48:02.272  INFO 1292 --- [           main] s.d.s.w.s.ApiListingReferenceScanner     : Scanning for api listing references
2023-07-11 20:48:02.598  INFO 1292 --- [           main] .d.s.w.r.o.CachingOperationNameGenerator : Generating unique operation named: viewMovieByLocalDateUsingGET_1
2023-07-11 20:48:02.780  INFO 1292 --- [           main] com.cg.mts.MovieFinalApplicationTests    : Started MovieFinalApplicationTests in 8.365 seconds (JVM running for 10.11)
2023-07-11 20:48:02.914  INFO 1292 --- [           main] o.s.b.t.m.w.SpringBootMockServletContext : Initializing Spring TestDispatcherServlet ''
2023-07-11 20:48:02.914  INFO 1292 --- [           main] o.s.t.web.servlet.TestDispatcherServlet  : Initializing Servlet ''
2023-07-11 20:48:02.916  INFO 1292 --- [           main] o.s.t.web.servlet.TestDispatcherServlet  : Completed initialization in 2 ms
Hibernate: select user0_.userid as userid1_9_, user0_.customer_customer_id as customer5_9_, user0_.password as password2_9_, user0_.role as role3_9_, user0_.username as username4_9_ from user user0_ where user0_.username like ?
2023-07-11 20:48:03.014 ERROR 1292 --- [           main] com.cg.mts.controller.LoginController    : ------------------LoginFailed---------------
2023-07-11 20:48:03.046  INFO 1292 --- [           main] com.cg.mts.controller.ScreenController   : -------List Of Screens Fetched Successfully---------
Hibernate: select screen0_.screen_id as screen_i1_3_, screen0_.columnss as columnss2_3_, screen0_.rowss as rowss3_3_, screen0_.screen_name as screen_n4_3_, screen0_.theatre_theatre_id as theatre_5_3_ from screen screen0_
]]></system-out>
  </testcase>
  <testcase name="viewMovie" classname="com.cg.mts.MovieFinalApplicationTests" time="0.044">
    <failure message="expected: &lt;200&gt; but was: &lt;404&gt;" type="org.opentest4j.AssertionFailedError"><![CDATA[org.opentest4j.AssertionFailedError: expected: <200> but was: <404>
	at com.cg.mts.MovieFinalApplicationTests.viewMovie(ApplicationTests.java:134)
]]></failure>
    <system-out><![CDATA[2023-07-11 20:48:03.188  INFO 1292 --- [           main] o.s.b.t.m.w.SpringBootMockServletContext : Initializing Spring TestDispatcherServlet ''
2023-07-11 20:48:03.189  INFO 1292 --- [           main] o.s.t.web.servlet.TestDispatcherServlet  : Initializing Servlet ''
2023-07-11 20:48:03.190  INFO 1292 --- [           main] o.s.t.web.servlet.TestDispatcherServlet  : Completed initialization in 1 ms
Hibernate: select movie0_.movie_id as movie_id1_2_0_, movie0_.movie_date as movie_da2_2_0_, movie0_.movie_description as movie_de3_2_0_, movie0_.movie_genre as movie_ge4_2_0_, movie0_.movie_hours as movie_ho5_2_0_, movie0_.movie_language as movie_la6_2_0_, movie0_.movie_name as movie_na7_2_0_, movie0_.movie_rating as movie_ra8_2_0_, movie0_.show_show_id as show_sho9_2_0_, show1_.show_id as show_id1_5_1_, show1_.booking_transaction_id as booking_6_5_1_, show1_.screen_screen_id as screen_s7_5_1_, show1_.show_date as show_dat2_5_1_, show1_.show_end_time as show_end3_5_1_, show1_.show_name as show_nam4_5_1_, show1_.show_start_time as show_sta5_5_1_, show1_.theatre_theatre_id as theatre_8_5_1_, booking2_.transaction_id as transact1_0_2_, booking2_.booking_date as booking_2_0_2_, booking2_.customer_customer_id as customer6_0_2_, booking2_.total_cost as total_co3_0_2_, booking2_.transaction_mode as transact4_0_2_, booking2_.transaction_status as transact5_0_2_, screen3_.screen_id as screen_i1_3_3_, screen3_.columnss as columnss2_3_3_, screen3_.rowss as rowss3_3_3_, screen3_.screen_name as screen_n4_3_3_, screen3_.theatre_theatre_id as theatre_5_3_3_, theatre4_.theatre_id as theatre_1_6_4_, theatre4_.manager_contact as manager_2_6_4_, theatre4_.manager_name as manager_3_6_4_, theatre4_.theatre_city as theatre_4_6_4_, theatre4_.theatre_name as theatre_5_6_4_ from movie movie0_ left outer join shhow show1_ on movie0_.show_show_id=show1_.show_id left outer join booking booking2_ on show1_.booking_transaction_id=booking2_.transaction_id left outer join screen screen3_ on show1_.screen_screen_id=screen3_.screen_id left outer join theatre theatre4_ on show1_.theatre_theatre_id=theatre4_.theatre_id where movie0_.movie_id=?
]]></system-out>
  </testcase>
  <testcase name="viewAllBookings" classname="com.cg.mts.MovieFinalApplicationTests" time="0.075">
    <error message="Index 0 out of bounds for length 0" type="java.lang.ArrayIndexOutOfBoundsException">java.lang.ArrayIndexOutOfBoundsException: Index 0 out of bounds for length 0
	at com.cg.mts.MovieFinalApplicationTests.viewAllBookings(ApplicationTests.java:221)
</error>
    <system-out><![CDATA[2023-07-11 20:48:03.240  INFO 1292 --- [           main] o.s.b.t.m.w.SpringBootMockServletContext : Initializing Spring TestDispatcherServlet ''
2023-07-11 20:48:03.240  INFO 1292 --- [           main] o.s.t.web.servlet.TestDispatcherServlet  : Initializing Servlet ''
2023-07-11 20:48:03.241  INFO 1292 --- [           main] o.s.t.web.servlet.TestDispatcherServlet  : Completed initialization in 1 ms
2023-07-11 20:48:03.242  INFO 1292 --- [           main] com.cg.mts.controller.BookingController  : -------List Of Bookings Fetched Successfully---------
Hibernate: select booking0_.transaction_id as transact1_0_, booking0_.booking_date as booking_2_0_, booking0_.customer_customer_id as customer6_0_, booking0_.total_cost as total_co3_0_, booking0_.transaction_mode as transact4_0_, booking0_.transaction_status as transact5_0_ from booking booking0_
]]></system-out>
  </testcase>
  <testcase name="addASeat" classname="com.cg.mts.MovieFinalApplicationTests" time="0.161"/>
  <testcase name="addMovie" classname="com.cg.mts.MovieFinalApplicationTests" time="0.059"/>
  <testcase name="addShow" classname="com.cg.mts.MovieFinalApplicationTests" time="0.085"/>
  <testcase name="viewShowList" classname="com.cg.mts.MovieFinalApplicationTests" time="0.048"/>
  <testcase name="viewCustomerList" classname="com.cg.mts.MovieFinalApplicationTests" time="0.017">
    <error message="Index -1 out of bounds for length 0" type="java.lang.ArrayIndexOutOfBoundsException">java.lang.ArrayIndexOutOfBoundsException: Index -1 out of bounds for length 0
	at com.cg.mts.MovieFinalApplicationTests.viewCustomerList(ApplicationTests.java:55)
</error>
    <system-out><![CDATA[2023-07-11 20:48:03.674  INFO 1292 --- [           main] o.s.b.t.m.w.SpringBootMockServletContext : Initializing Spring TestDispatcherServlet ''
2023-07-11 20:48:03.675  INFO 1292 --- [           main] o.s.t.web.servlet.TestDispatcherServlet  : Initializing Servlet ''
2023-07-11 20:48:03.676  INFO 1292 --- [           main] o.s.t.web.servlet.TestDispatcherServlet  : Completed initialization in 1 ms
Hibernate: select user0_.userid as userid1_9_, user0_.customer_customer_id as customer5_9_, user0_.password as password2_9_, user0_.role as role3_9_, user0_.username as username4_9_ from user user0_ where user0_.username like ?
2023-07-11 20:48:03.678 ERROR 1292 --- [           main] com.cg.mts.controller.LoginController    : ------------------LoginFailed---------------
2023-07-11 20:48:03.679  INFO 1292 --- [           main] c.cg.mts.controller.CustomerController   : ---------------Customer List-----------------
Hibernate: select customer0_.customer_id as customer1_1_, customer0_.address as address2_1_, customer0_.customer_name as customer3_1_, customer0_.email as email4_1_, customer0_.mobile_number as mobile_n5_1_, customer0_.password as password6_1_ from customer customer0_
]]></system-out>
  </testcase>
  <testcase name="addAScreen" classname="com.cg.mts.MovieFinalApplicationTests" time="0.017"/>
  <testcase name="addATicket" classname="com.cg.mts.MovieFinalApplicationTests" time="0.052"/>
  <testcase name="addTheatre" classname="com.cg.mts.MovieFinalApplicationTests" time="0.037"/>
  <testcase name="getAlltheatres" classname="com.cg.mts.MovieFinalApplicationTests" time="0.065"/>
  <testcase name="viewTicketList" classname="com.cg.mts.MovieFinalApplicationTests" time="0.039"/>
  <testcase name="viewMovieList" classname="com.cg.mts.MovieFinalApplicationTests" time="0.021"/>
  <testcase name="viewSeatList" classname="com.cg.mts.MovieFinalApplicationTests" time="0.047"/>
  <testcase name="deleteMoviesById" classname="com.cg.mts.MovieFinalApplicationTests" time="0.021">
    <failure message="expected: &lt;200&gt; but was: &lt;404&gt;" type="org.opentest4j.AssertionFailedError"><![CDATA[org.opentest4j.AssertionFailedError: expected: <200> but was: <404>
	at com.cg.mts.MovieFinalApplicationTests.deleteMoviesById(ApplicationTests.java:104)
]]></failure>
    <system-out><![CDATA[2023-07-11 20:48:03.978  INFO 1292 --- [           main] o.s.b.t.m.w.SpringBootMockServletContext : Initializing Spring TestDispatcherServlet ''
2023-07-11 20:48:03.979  INFO 1292 --- [           main] o.s.t.web.servlet.TestDispatcherServlet  : Initializing Servlet ''
2023-07-11 20:48:03.980  INFO 1292 --- [           main] o.s.t.web.servlet.TestDispatcherServlet  : Completed initialization in 1 ms
Hibernate: select user0_.userid as userid1_9_, user0_.customer_customer_id as customer5_9_, user0_.password as password2_9_, user0_.role as role3_9_, user0_.username as username4_9_ from user user0_ where user0_.username like ?
2023-07-11 20:48:03.983 ERROR 1292 --- [           main] com.cg.mts.controller.LoginController    : ------------------LoginFailed---------------
Hibernate: select movie0_.movie_id as movie_id1_2_0_, movie0_.movie_date as movie_da2_2_0_, movie0_.movie_description as movie_de3_2_0_, movie0_.movie_genre as movie_ge4_2_0_, movie0_.movie_hours as movie_ho5_2_0_, movie0_.movie_language as movie_la6_2_0_, movie0_.movie_name as movie_na7_2_0_, movie0_.movie_rating as movie_ra8_2_0_, movie0_.show_show_id as show_sho9_2_0_, show1_.show_id as show_id1_5_1_, show1_.booking_transaction_id as booking_6_5_1_, show1_.screen_screen_id as screen_s7_5_1_, show1_.show_date as show_dat2_5_1_, show1_.show_end_time as show_end3_5_1_, show1_.show_name as show_nam4_5_1_, show1_.show_start_time as show_sta5_5_1_, show1_.theatre_theatre_id as theatre_8_5_1_, booking2_.transaction_id as transact1_0_2_, booking2_.booking_date as booking_2_0_2_, booking2_.customer_customer_id as customer6_0_2_, booking2_.total_cost as total_co3_0_2_, booking2_.transaction_mode as transact4_0_2_, booking2_.transaction_status as transact5_0_2_, screen3_.screen_id as screen_i1_3_3_, screen3_.columnss as columnss2_3_3_, screen3_.rowss as rowss3_3_3_, screen3_.screen_name as screen_n4_3_3_, screen3_.theatre_theatre_id as theatre_5_3_3_, theatre4_.theatre_id as theatre_1_6_4_, theatre4_.manager_contact as manager_2_6_4_, theatre4_.manager_name as manager_3_6_4_, theatre4_.theatre_city as theatre_4_6_4_, theatre4_.theatre_name as theatre_5_6_4_ from movie movie0_ left outer join shhow show1_ on movie0_.show_show_id=show1_.show_id left outer join booking booking2_ on show1_.booking_transaction_id=booking2_.transaction_id left outer join screen screen3_ on show1_.screen_screen_id=screen3_.screen_id left outer join theatre theatre4_ on show1_.theatre_theatre_id=theatre4_.theatre_id where movie0_.movie_id=?
]]></system-out>
  </testcase>
  <testcase name="findTheatres" classname="com.cg.mts.MovieFinalApplicationTests" time="0.011">
    <error message="No content to map due to end-of-input&#10; at [Source: (String)&quot;&quot;; line: 1, column: 0]" type="com.fasterxml.jackson.databind.exc.MismatchedInputException">com.fasterxml.jackson.databind.exc.MismatchedInputException: 
No content to map due to end-of-input
 at [Source: (String)""; line: 1, column: 0]
	at com.cg.mts.MovieFinalApplicationTests.findTheatres(ApplicationTests.java:82)
</error>
    <system-out><![CDATA[2023-07-11 20:48:03.994  INFO 1292 --- [           main] o.s.b.t.m.w.SpringBootMockServletContext : Initializing Spring TestDispatcherServlet ''
2023-07-11 20:48:03.994  INFO 1292 --- [           main] o.s.t.web.servlet.TestDispatcherServlet  : Initializing Servlet ''
2023-07-11 20:48:03.995  INFO 1292 --- [           main] o.s.t.web.servlet.TestDispatcherServlet  : Completed initialization in 1 ms
2023-07-11 20:48:03.997  INFO 1292 --- [           main] com.cg.mts.controller.TheatreController  : -------Theatre Found with Theatre id4---------
Hibernate: select theatre0_.theatre_id as theatre_1_6_0_, theatre0_.manager_contact as manager_2_6_0_, theatre0_.manager_name as manager_3_6_0_, theatre0_.theatre_city as theatre_4_6_0_, theatre0_.theatre_name as theatre_5_6_0_ from theatre theatre0_ where theatre0_.theatre_id=?
]]></system-out>
  </testcase>
</testsuite>